0000/00/00,00:00:00,.000,-35533765,Portal,RemoteDevice,ReaderControl,--->,MS_MANU,17,0,OK,33,-99999.0,0.0
0000/00/00,00:00:00,.000,-35533750,Measurement,Measurement.measure_timelapse,_m_Timelapse,_init_frame_save,CV8000-Minimal-DataSet-2C-3W-4S-FP2-stack_D08_T0001F001L01A01Z01C01.tif,None
0000/00/00,00:00:00,.000,-35533593,Portal,RemoteDevice,ReaderControl,--->,AF_MANU,34,0,OK,3.0,0
0000/00/00,00:00:00,.000,-35533750,Measurement,Measurement.measure_timelapse,_m_Timelapse,_init_frame_save,CV8000-Minimal-DataSet-2C-3W-4S-FP2-stack_D08_T0001F001L01A01Z02C01.tif,None
0000/00/00,00:00:00,.000,-35533593,Portal,RemoteDevice,ReaderControl,--->,AF_MANU,34,0,OK,6.0,0
0000/00/00,00:00:00,.000,-35533750,Measurement,Measurement.measure_timelapse,_m_Timelapse,_init_frame_save,CV8000-Minimal-DataSet-2C-3W-4S-FP2-stack_D08_T0001F001L01A01Z03C01.tif,None
0000/00/00,00:00:00,.000,-35533593,Portal,RemoteDevice,ReaderControl,--->,AF_MANU,34,0,OK,9.0,0
0000/00/00,00:00:00,.000,-35533750,Measurement,Measurement.measure_timelapse,_m_Timelapse,_init_frame_save,CV8000-Minimal-DataSet-2C-3W-4S-FP2-stack_D08_T0001F001L01A01Z04C01.tif,None
0000/00/00,00:00:00,.000,-35533750,Measurement,Measurement.measure_timelapse,_m_Timelapse,_init_frame_save,this-file-does-not-have-z-position-information.tif,None
0000/00/00,00:00:00,.000,-35533593,Portal,RemoteDevice,ReaderControl,--->,AF_MANU,34,0,OK,0.0,0
0000/00/00,00:00:00,.000,-35533750,Measurement,Measurement.measure_timelapse,_m_Timelapse,_init_frame_save,CV8000-Minimal-DataSet-2C-3W-4S-FP2-stack_D08_T0001F001L01A02Z01C02.tif,None
0000/00/00,00:00:00,.000,-35533593,Portal,RemoteDevice,ReaderControl,--->,AF_MANU,34,0,OK,3.0,0
0000/00/00,00:00:00,.000,-35533750,Measurement,Measurement.measure_timelapse,_m_Timelapse,_init_frame_save,CV8000-Minimal-DataSet-2C-3W-4S-FP2-stack_D08_T0001F001L01A02Z02C02.tif,None
0000/00/00,00:00:00,.000,-35533593,Portal,RemoteDevice,ReaderControl,--->,AF_MANU,34,0,OK,6.0,0
0000/00/00,00:00:00,.000,-35533750,Measurement,Measurement.measure_timelapse,_m_Timelapse,_init_frame_save,CV8000-Minimal-DataSet-2C-3W-4S-FP2-stack_D08_T0001F001L01A02Z03C02.tif,None
0000/00/00,00:00:00,.000,-35533593,Portal,RemoteDevice,ReaderControl,--->,AF_MANU,34,0,OK,9.0,0
0000/00/00,00:00:00,.000,-35533750,Measurement,Measurement.measure_timelapse,_m_Timelapse,_init_frame_save,CV8000-Minimal-DataSet-2C-3W-4S-FP2-stack_D08_T0001F001L01A02Z04C02.tif,None
0000/00/00,00:00:00,.000,-35533593,Portal,RemoteDevice,ReaderControl,--->,AF_MANU,34,0,OK,0.0,0
0000/00/00,00:00:00,.000,-35533750,Measurement,Measurement.measure_timelapse,_m_Timelapse,_init_frame_save,CV8000-Minimal-DataSet-2C-3W-4S-FP2-stack_D08_T0001F002L01A01Z01C01.tif,None
0000/00/00,00:00:00,.000,-35533593,Portal,RemoteDevice,ReaderControl,--->,AF_MANU,34,0,OK,3.0,0
0000/00/00,00:00:00,.000,-35533750,Measurement,Measurement.measure_timelapse,_m_Timelapse,_init_frame_save,CV8000-Minimal-DataSet-2C-3W-4S-FP2-stack_D08_T0001F002L01A01Z02C01.tif,None
0000/00/00,00:00:00,.000,-35533593,Portal,RemoteDevice,ReaderControl,--->,AF_MANU,34,0,OK,6.0,0
0000/00/00,00:00:00,.000,-35533750,Measurement,Measurement.measure_timelapse,_m_Timelapse,_init_frame_save,CV8000-Minimal-DataSet-2C-3W-4S-FP2-stack_D08_T0001F002L01A01Z03C01.tif,None
0000/00/00,00:00:00,.000,-35533593,Portal,RemoteDevice,ReaderControl,--->,AF_MANU,34,0,OK,9.0,0
0000/00/00,00:00:00,.000,-35533750,Measurement,Measurement.measure_timelapse,_m_Timelapse,_init_frame_save,CV8000-Minimal-DataSet-2C-3W-4S-FP2-stack_D08_T0001F002L01A01Z04C01.tif,None
0000/00/00,00:00:00,.000,-35533593,Portal,RemoteDevice,ReaderControl,--->,AF_MANU,34,0,OK,0.0,0
0000/00/00,00:00:00,.000,-35533750,Measurement,Measurement.measure_timelapse,_m_Timelapse,_init_frame_save,CV8000-Minimal-DataSet-2C-3W-4S-FP2-stack_D08_T0001F002L01A02Z01C02.tif,None
0000/00/00,00:00:00,.000,-35533593,Portal,RemoteDevice,ReaderControl,--->,AF_MANU,34,0,OK,3.0,0
0000/00/00,00:00:00,.000,-35533750,Measurement,Measurement.measure_timelapse,_m_Timelapse,_init_frame_save,CV8000-Minimal-DataSet-2C-3W-4S-FP2-stack_D08_T0001F002L01A02Z02C02.tif,None
0000/00/00,00:00:00,.000,-35533593,Portal,RemoteDevice,ReaderControl,--->,AF_MANU,34,0,OK,6.0,0
0000/00/00,00:00:00,.000,-35533750,Measurement,Measurement.measure_timelapse,_m_Timelapse,_init_frame_save,CV8000-Minimal-DataSet-2C-3W-4S-FP2-stack_D08_T0001F002L01A02Z03C02.tif,None
0000/00/00,00:00:00,.000,-35533593,Portal,RemoteDevice,ReaderControl,--->,AF_MANU,34,0,OK,9.0,0
0000/00/00,00:00:00,.000,-35533750,Measurement,Measurement.measure_timelapse,_m_Timelapse,_init_frame_save,CV8000-Minimal-DataSet-2C-3W-4S-FP2-stack_D08_T0001F002L01A02Z04C02.tif,None
0000/00/00,00:00:00,.000,-35533593,Portal,RemoteDevice,ReaderControl,--->,AF_MANU,34,0,OK,0.0,0
0000/00/00,00:00:00,.000,-35533750,Measurement,Measurement.measure_timelapse,_m_Timelapse,_init_frame_save,CV8000-Minimal-DataSet-2C-3W-4S-FP2-stack_D08_T0001F003L01A01Z01C01.tif,None
0000/00/00,00:00:00,.000,-35533593,Portal,RemoteDevice,ReaderControl,--->,AF_MANU,34,0,OK,3.0,0
0000/00/00,00:00:00,.000,-35533750,Measurement,Measurement.measure_timelapse,_m_Timelapse,_init_frame_save,CV8000-Minimal-DataSet-2C-3W-4S-FP2-stack_D08_T0001F003L01A01Z02C01.tif,None
0000/00/00,00:00:00,.000,-35533593,Portal,RemoteDevice,ReaderControl,--->,AF_MANU,34,0,OK,6.0,0
0000/00/00,00:00:00,.000,-35533750,Measurement,Measurement.measure_timelapse,_m_Timelapse,_init_frame_save,CV8000-Minimal-DataSet-2C-3W-4S-FP2-stack_D08_T0001F003L01A01Z03C01.tif,None
0000/00/00,00:00:00,.000,-35533593,Portal,RemoteDevice,ReaderControl,--->,AF_MANU,34,0,OK,9.0,0
0000/00/00,00:00:00,.000,-35533750,Measurement,Measurement.measure_timelapse,_m_Timelapse,_init_frame_save,CV8000-Minimal-DataSet-2C-3W-4S-FP2-stack_D08_T0001F003L01A01Z04C01.tif,None
0000/00/00,00:00:00,.000,-35533593,Portal,RemoteDevice,ReaderControl,--->,AF_MANU,34,0,OK,0.0,0
0000/00/00,00:00:00,.000,-35533750,Measurement,Measurement.measure_timelapse,_m_Timelapse,_init_frame_save,CV8000-Minimal-DataSet-2C-3W-4S-FP2-stack_D08_T0001F003L01A02Z01C02.tif,None
0000/00/00,00:00:00,.000,-35533593,Portal,RemoteDevice,ReaderControl,--->,AF_MANU,34,0,OK,3.0,0
0000/00/00,00:00:00,.000,-35533750,Measurement,Measurement.measure_timelapse,_m_Timelapse,_init_frame_save,CV8000-Minimal-DataSet-2C-3W-4S-FP2-stack_D08_T0001F003L01A02Z02C02.tif,None
0000/00/00,00:00:00,.000,-35533593,Portal,RemoteDevice,ReaderControl,--->,AF_MANU,34,0,OK,6.0,0
0000/00/00,00:00:00,.000,-35533750,Measurement,Measurement.measure_timelapse,_m_Timelapse,_init_frame_save,CV8000-Minimal-DataSet-2C-3W-4S-FP2-stack_D08_T0001F003L01A02Z03C02.tif,None
0000/00/00,00:00:00,.000,-35533593,Portal,RemoteDevice,ReaderControl,--->,AF_MANU,34,0,OK,9.0,0
0000/00/00,00:00:00,.000,-35533750,Measurement,Measurement.measure_timelapse,_m_Timelapse,_init_frame_save,CV8000-Minimal-DataSet-2C-3W-4S-FP2-stack_D08_T0001F003L01A02Z04C02.tif,None
0000/00/00,00:00:00,.000,-35533593,Portal,RemoteDevice,ReaderControl,--->,AF_MANU,34,0,OK,0.0,0
0000/00/00,00:00:00,.000,-35533750,Measurement,Measurement.measure_timelapse,_m_Timelapse,_init_frame_save,CV8000-Minimal-DataSet-2C-3W-4S-FP2-stack_D08_T0001F004L01A01Z01C01.tif,None
0000/00/00,00:00:00,.000,-35533593,Portal,RemoteDevice,ReaderControl,--->,AF_MANU,34,0,OK,3.0,0
0000/00/00,00:00:00,.000,-35533750,Measurement,Measurement.measure_timelapse,_m_Timelapse,_init_frame_save,CV8000-Minimal-DataSet-2C-3W-4S-FP2-stack_D08_T0001F004L01A01Z02C01.tif,None
0000/00/00,00:00:00,.000,-35533593,Portal,RemoteDevice,ReaderControl,--->,AF_MANU,34,0,OK,6.0,0
0000/00/00,00:00:00,.000,-35533750,Measurement,Measurement.measure_timelapse,_m_Timelapse,_init_frame_save,CV8000-Minimal-DataSet-2C-3W-4S-FP2-stack_D08_T0001F004L01A01Z03C01.tif,None
0000/00/00,00:00:00,.000,-35533593,Portal,RemoteDevice,ReaderControl,--->,AF_MANU,34,0,OK,9.0,0
0000/00/00,00:00:00,.000,-35533750,Measurement,Measurement.measure_timelapse,_m_Timelapse,_init_frame_save,CV8000-Minimal-DataSet-2C-3W-4S-FP2-stack_D08_T0001F004L01A01Z04C01.tif,None
0000/00/00,00:00:00,.000,-35533593,Portal,RemoteDevice,ReaderControl,--->,AF_MANU,34,0,OK,0.0,0
0000/00/00,00:00:00,.000,-35533750,Measurement,Measurement.measure_timelapse,_m_Timelapse,_init_frame_save,CV8000-Minimal-DataSet-2C-3W-4S-FP2-stack_D08_T0001F004L01A02Z01C02.tif,None
0000/00/00,00:00:00,.000,-35533593,Portal,RemoteDevice,ReaderControl,--->,AF_MANU,34,0,OK,3.0,0
0000/00/00,00:00:00,.000,-35533750,Measurement,Measurement.measure_timelapse,_m_Timelapse,_init_frame_save,CV8000-Minimal-DataSet-2C-3W-4S-FP2-stack_D08_T0001F004L01A02Z02C02.tif,None
0000/00/00,00:00:00,.000,-35533593,Portal,RemoteDevice,ReaderControl,--->,AF_MANU,34,0,OK,6.0,0
0000/00/00,00:00:00,.000,-35533750,Measurement,Measurement.measure_timelapse,_m_Timelapse,_init_frame_save,CV8000-Minimal-DataSet-2C-3W-4S-FP2-stack_D08_T0001F004L01A02Z03C02.tif,None
0000/00/00,00:00:00,.000,-35533593,Portal,RemoteDevice,ReaderControl,--->,AF_MANU,34,0,OK,9.0,0
0000/00/00,00:00:00,.000,-35533750,Measurement,Measurement.measure_timelapse,_m_Timelapse,_init_frame_save,CV8000-Minimal-DataSet-2C-3W-4S-FP2-stack_D08_T0001F004L01A02Z04C02.tif,None
0000/00/00,00:00:00,.000,-35533593,Portal,RemoteDevice,ReaderControl,--->,AF_MANU,34,0,OK,0.0,0
0000/00/00,00:00:00,.000,-35533750,Measurement,Measurement.measure_timelapse,_m_Timelapse,_init_frame_save,CV8000-Minimal-DataSet-2C-3W-4S-FP2-stack_E03_T0001F001L01A01Z01C01.tif,None
0000/00/00,00:00:00,.000,-35533593,Portal,RemoteDevice,ReaderControl,--->,AF_MANU,34,0,OK,3.0,0
0000/00/00,00:00:00,.000,-35533750,Measurement,Measurement.measure_timelapse,_m_Timelapse,_init_frame_save,CV8000-Minimal-DataSet-2C-3W-4S-FP2-stack_E03_T0001F001L01A01Z02C01.tif,None
0000/00/00,00:00:00,.000,-35533593,Portal,RemoteDevice,ReaderControl,--->,AF_MANU,34,0,OK,6.0,0
0000/00/00,00:00:00,.000,-35533750,Measurement,Measurement.measure_timelapse,_m_Timelapse,_init_frame_save,CV8000-Minimal-DataSet-2C-3W-4S-FP2-stack_E03_T0001F001L01A01Z03C01.tif,None
0000/00/00,00:00:00,.000,-35533593,Portal,RemoteDevice,ReaderControl,--->,AF_MANU,34,0,OK,9.0,0
0000/00/00,00:00:00,.000,-35533750,Measurement,Measurement.measure_timelapse,_m_Timelapse,_init_frame_save,CV8000-Minimal-DataSet-2C-3W-4S-FP2-stack_E03_T0001F001L01A01Z04C01.tif,None
0000/00/00,00:00:00,.000,-35533593,Portal,RemoteDevice,ReaderControl,--->,AF_MANU,34,0,OK,0.0,0
0000/00/00,00:00:00,.000,-35533750,Measurement,Measurement.measure_timelapse,_m_Timelapse,_init_frame_save,CV8000-Minimal-DataSet-2C-3W-4S-FP2-stack_E03_T0001F001L01A02Z01C02.tif,None
0000/00/00,00:00:00,.000,-35533593,Portal,RemoteDevice,ReaderControl,--->,AF_MANU,34,0,OK,3.0,0
0000/00/00,00:00:00,.000,-35533750,Measurement,Measurement.measure_timelapse,_m_Timelapse,_init_frame_save,CV8000-Minimal-DataSet-2C-3W-4S-FP2-stack_E03_T0001F001L01A02Z02C02.tif,None
0000/00/00,00:00:00,.000,-35533593,Portal,RemoteDevice,ReaderControl,--->,AF_MANU,34,0,OK,6.0,0
0000/00/00,00:00:00,.000,-35533750,Measurement,Measurement.measure_timelapse,_m_Timelapse,_init_frame_save,CV8000-Minimal-DataSet-2C-3W-4S-FP2-stack_E03_T0001F001L01A02Z03C02.tif,None
0000/00/00,00:00:00,.000,-35533593,Portal,RemoteDevice,ReaderControl,--->,AF_MANU,34,0,OK,9.0,0
0000/00/00,00:00:00,.000,-35533750,Measurement,Measurement.measure_timelapse,_m_Timelapse,_init_frame_save,CV8000-Minimal-DataSet-2C-3W-4S-FP2-stack_E03_T0001F001L01A02Z04C02.tif,None
0000/00/00,00:00:00,.000,-35533593,Portal,RemoteDevice,ReaderControl,--->,AF_MANU,34,0,OK,0.0,0
0000/00/00,00:00:00,.000,-35533750,Measurement,Measurement.measure_timelapse,_m_Timelapse,_init_frame_save,CV8000-Minimal-DataSet-2C-3W-4S-FP2-stack_E03_T0001F002L01A01Z01C01.tif,None
0000/00/00,00:00:00,.000,-35533593,Portal,RemoteDevice,ReaderControl,--->,AF_MANU,34,0,OK,3.0,0
0000/00/00,00:00:00,.000,-35533750,Measurement,Measurement.measure_timelapse,_m_Timelapse,_init_frame_save,CV8000-Minimal-DataSet-2C-3W-4S-FP2-stack_E03_T0001F002L01A01Z02C01.tif,None
0000/00/00,00:00:00,.000,-35533593,Portal,RemoteDevice,ReaderControl,--->,AF_MANU,34,0,OK,6.0,0
0000/00/00,00:00:00,.000,-35533750,Measurement,Measurement.measure_timelapse,_m_Timelapse,_init_frame_save,CV8000-Minimal-DataSet-2C-3W-4S-FP2-stack_E03_T0001F002L01A01Z03C01.tif,None
0000/00/00,00:00:00,.000,-35533593,Portal,RemoteDevice,ReaderControl,--->,AF_MANU,34,0,OK,9.0,0
0000/00/00,00:00:00,.000,-35533750,Measurement,Measurement.measure_timelapse,_m_Timelapse,_init_frame_save,CV8000-Minimal-DataSet-2C-3W-4S-FP2-stack_E03_T0001F002L01A01Z04C01.tif,None
0000/00/00,00:00:00,.000,-35533593,Portal,RemoteDevice,ReaderControl,--->,AF_MANU,34,0,OK,0.0,0
0000/00/00,00:00:00,.000,-35533750,Measurement,Measurement.measure_timelapse,_m_Timelapse,_init_frame_save,CV8000-Minimal-DataSet-2C-3W-4S-FP2-stack_E03_T0001F002L01A02Z01C02.tif,None
0000/00/00,00:00:00,.000,-35533593,Portal,RemoteDevice,ReaderControl,--->,AF_MANU,34,0,OK,3.0,0
0000/00/00,00:00:00,.000,-35533750,Measurement,Measurement.measure_timelapse,_m_Timelapse,_init_frame_save,CV8000-Minimal-DataSet-2C-3W-4S-FP2-stack_E03_T0001F002L01A02Z02C02.tif,None
0000/00/00,00:00:00,.000,-35533593,Portal,RemoteDevice,ReaderControl,--->,AF_MANU,34,0,OK,6.0,0
0000/00/00,00:00:00,.000,-35533750,Measurement,Measurement.measure_timelapse,_m_Timelapse,_init_frame_save,CV8000-Minimal-DataSet-2C-3W-4S-FP2-stack_E03_T0001F002L01A02Z03C02.tif,None
0000/00/00,00:00:00,.000,-35533593,Portal,RemoteDevice,ReaderControl,--->,AF_MANU,34,0,OK,9.0,0
0000/00/00,00:00:00,.000,-35533750,Measurement,Measurement.measure_timelapse,_m_Timelapse,_init_frame_save,CV8000-Minimal-DataSet-2C-3W-4S-FP2-stack_E03_T0001F002L01A02Z04C02.tif,None
0000/00/00,00:00:00,.000,-35533593,Portal,RemoteDevice,ReaderControl,--->,AF_MANU,34,0,OK,0.0,0
0000/00/00,00:00:00,.000,-35533750,Measurement,Measurement.measure_timelapse,_m_Timelapse,_init_frame_save,CV8000-Minimal-DataSet-2C-3W-4S-FP2-stack_E03_T0001F003L01A01Z01C01.tif,None
0000/00/00,00:00:00,.000,-35533593,Portal,RemoteDevice,ReaderControl,--->,AF_MANU,34,0,OK,3.0,0
0000/00/00,00:00:00,.000,-35533750,Measurement,Measurement.measure_timelapse,_m_Timelapse,_init_frame_save,CV8000-Minimal-DataSet-2C-3W-4S-FP2-stack_E03_T0001F003L01A01Z02C01.tif,None
0000/00/00,00:00:00,.000,-35533593,Portal,RemoteDevice,ReaderControl,--->,AF_MANU,34,0,OK,6.0,0
0000/00/00,00:00:00,.000,-35533750,Measurement,Measurement.measure_timelapse,_m_Timelapse,_init_frame_save,CV8000-Minimal-DataSet-2C-3W-4S-FP2-stack_E03_T0001F003L01A01Z03C01.tif,None
0000/00/00,00:00:00,.000,-35533593,Portal,RemoteDevice,ReaderControl,--->,AF_MANU,34,0,OK,9.0,0
0000/00/00,00:00:00,.000,-35533750,Measurement,Measurement.measure_timelapse,_m_Timelapse,_init_frame_save,CV8000-Minimal-DataSet-2C-3W-4S-FP2-stack_E03_T0001F003L01A01Z04C01.tif,None
0000/00/00,00:00:00,.000,-35533593,Portal,RemoteDevice,ReaderControl,--->,AF_MANU,34,0,OK,0.0,0
0000/00/00,00:00:00,.000,-35533750,Measurement,Measurement.measure_timelapse,_m_Timelapse,_init_frame_save,CV8000-Minimal-DataSet-2C-3W-4S-FP2-stack_E03_T0001F003L01A02Z01C02.tif,None
0000/00/00,00:00:00,.000,-35533593,Portal,RemoteDevice,ReaderControl,--->,AF_MANU,34,0,OK,3.0,0
0000/00/00,00:00:00,.000,-35533750,Measurement,Measurement.measure_timelapse,_m_Timelapse,_init_frame_save,CV8000-Minimal-DataSet-2C-3W-4S-FP2-stack_E03_T0001F003L01A02Z02C02.tif,None
0000/00/00,00:00:00,.000,-35533593,Portal,RemoteDevice,ReaderControl,--->,AF_MANU,34,0,OK,6.0,0
0000/00/00,00:00:00,.000,-35533750,Measurement,Measurement.measure_timelapse,_m_Timelapse,_init_frame_save,CV8000-Minimal-DataSet-2C-3W-4S-FP2-stack_E03_T0001F003L01A02Z03C02.tif,None
0000/00/00,00:00:00,.000,-35533593,Portal,RemoteDevice,ReaderControl,--->,AF_MANU,34,0,OK,9.0,0
0000/00/00,00:00:00,.000,-35533750,Measurement,Measurement.measure_timelapse,_m_Timelapse,_init_frame_save,CV8000-Minimal-DataSet-2C-3W-4S-FP2-stack_E03_T0001F003L01A02Z04C02.tif,None
0000/00/00,00:00:00,.000,-35533593,Portal,RemoteDevice,ReaderControl,--->,AF_MANU,34,0,OK,0.0,0
0000/00/00,00:00:00,.000,-35533750,Measurement,Measurement.measure_timelapse,_m_Timelapse,_init_frame_save,CV8000-Minimal-DataSet-2C-3W-4S-FP2-stack_E03_T0001F004L01A01Z01C01.tif,None
0000/00/00,00:00:00,.000,-35533593,Portal,RemoteDevice,ReaderControl,--->,AF_MANU,34,0,OK,3.0,0
0000/00/00,00:00:00,.000,-35533750,Measurement,Measurement.measure_timelapse,_m_Timelapse,_init_frame_save,CV8000-Minimal-DataSet-2C-3W-4S-FP2-stack_E03_T0001F004L01A01Z02C01.tif,None
0000/00/00,00:00:00,.000,-35533593,Portal,RemoteDevice,ReaderControl,--->,AF_MANU,34,0,OK,6.0,0
0000/00/00,00:00:00,.000,-35533750,Measurement,Measurement.measure_timelapse,_m_Timelapse,_init_frame_save,CV8000-Minimal-DataSet-2C-3W-4S-FP2-stack_E03_T0001F004L01A01Z03C01.tif,None
0000/00/00,00:00:00,.000,-35533593,Portal,RemoteDevice,ReaderControl,--->,AF_MANU,34,0,OK,9.0,0
0000/00/00,00:00:00,.000,-35533750,Measurement,Measurement.measure_timelapse,_m_Timelapse,_init_frame_save,CV8000-Minimal-DataSet-2C-3W-4S-FP2-stack_E03_T0001F004L01A01Z04C01.tif,None
0000/00/00,00:00:00,.000,-35533593,Portal,RemoteDevice,ReaderControl,--->,AF_MANU,34,0,OK,0.0,0
0000/00/00,00:00:00,.000,-35533750,Measurement,Measurement.measure_timelapse,_m_Timelapse,_init_frame_save,CV8000-Minimal-DataSet-2C-3W-4S-FP2-stack_E03_T0001F004L01A02Z01C02.tif,None
0000/00/00,00:00:00,.000,-35533593,Portal,RemoteDevice,ReaderControl,--->,AF_MANU,34,0,OK,3.0,0
0000/00/00,00:00:00,.000,-35533750,Measurement,Measurement.measure_timelapse,_m_Timelapse,_init_frame_save,CV8000-Minimal-DataSet-2C-3W-4S-FP2-stack_E03_T0001F004L01A02Z02C02.tif,None
0000/00/00,00:00:00,.000,-35533593,Portal,RemoteDevice,ReaderControl,--->,AF_MANU,34,0,OK,6.0,0
0000/00/00,00:00:00,.000,-35533750,Measurement,Measurement.measure_timelapse,_m_Timelapse,_init_frame_save,CV8000-Minimal-DataSet-2C-3W-4S-FP2-stack_E03_T0001F004L01A02Z03C02.tif,None
0000/00/00,00:00:00,.000,-35533593,Portal,RemoteDevice,ReaderControl,--->,AF_MANU,34,0,OK,9.0,0
0000/00/00,00:00:00,.000,-35533750,Measurement,Measurement.measure_timelapse,_m_Timelapse,_init_frame_save,CV8000-Minimal-DataSet-2C-3W-4S-FP2-stack_E03_T0001F004L01A02Z04C02.tif,None
0000/00/00,00:00:00,.000,-35533593,Portal,RemoteDevice,ReaderControl,--->,AF_MANU,34,0,OK,0.0,0
0000/00/00,00:00:00,.000,-35533750,Measurement,Measurement.measure_timelapse,_m_Timelapse,_init_frame_save,CV8000-Minimal-DataSet-2C-3W-4S-FP2-stack_F08_T0001F001L01A01Z01C01.tif,None
0000/00/00,00:00:00,.000,-35533593,Portal,RemoteDevice,ReaderControl,--->,AF_MANU,34,0,OK,3.0,0
0000/00/00,00:00:00,.000,-35533750,Measurement,Measurement.measure_timelapse,_m_Timelapse,_init_frame_save,CV8000-Minimal-DataSet-2C-3W-4S-FP2-stack_F08_T0001F001L01A01Z02C01.tif,None
0000/00/00,00:00:00,.000,-35533593,Portal,RemoteDevice,ReaderControl,--->,AF_MANU,34,0,OK,6.0,0
0000/00/00,00:00:00,.000,-35533750,Measurement,Measurement.measure_timelapse,_m_Timelapse,_init_frame_save,CV8000-Minimal-DataSet-2C-3W-4S-FP2-stack_F08_T0001F001L01A01Z03C01.tif,None
0000/00/00,00:00:00,.000,-35533593,Portal,RemoteDevice,ReaderControl,--->,AF_MANU,34,0,OK,9.0,0
0000/00/00,00:00:00,.000,-35533750,Measurement,Measurement.measure_timelapse,_m_Timelapse,_init_frame_save,CV8000-Minimal-DataSet-2C-3W-4S-FP2-stack_F08_T0001F001L01A01Z04C01.tif,None
0000/00/00,00:00:00,.000,-35533593,Portal,RemoteDevice,ReaderControl,--->,AF_MANU,34,0,OK,0.0,0
0000/00/00,00:00:00,.000,-35533750,Measurement,Measurement.measure_timelapse,_m_Timelapse,_init_frame_save,CV8000-Minimal-DataSet-2C-3W-4S-FP2-stack_F08_T0001F001L01A02Z01C02.tif,None
0000/00/00,00:00:00,.000,-35533593,Portal,RemoteDevice,ReaderControl,--->,AF_MANU,34,0,OK,3.0,0
0000/00/00,00:00:00,.000,-35533750,Measurement,Measurement.measure_timelapse,_m_Timelapse,_init_frame_save,CV8000-Minimal-DataSet-2C-3W-4S-FP2-stack_F08_T0001F001L01A02Z02C02.tif,None
0000/00/00,00:00:00,.000,-35533593,Portal,RemoteDevice,ReaderControl,--->,AF_MANU,34,0,OK,6.0,0
0000/00/00,00:00:00,.000,-35533750,Measurement,Measurement.measure_timelapse,_m_Timelapse,_init_frame_save,CV8000-Minimal-DataSet-2C-3W-4S-FP2-stack_F08_T0001F001L01A02Z03C02.tif,None
0000/00/00,00:00:00,.000,-35533593,Portal,RemoteDevice,ReaderControl,--->,AF_MANU,34,0,OK,9.0,0
0000/00/00,00:00:00,.000,-35533750,Measurement,Measurement.measure_timelapse,_m_Timelapse,_init_frame_save,CV8000-Minimal-DataSet-2C-3W-4S-FP2-stack_F08_T0001F001L01A02Z04C02.tif,None
0000/00/00,00:00:00,.000,-35533593,Portal,RemoteDevice,ReaderControl,--->,AF_MANU,34,0,OK,0.0,0
0000/00/00,00:00:00,.000,-35533750,Measurement,Measurement.measure_timelapse,_m_Timelapse,_init_frame_save,CV8000-Minimal-DataSet-2C-3W-4S-FP2-stack_F08_T0001F002L01A01Z01C01.tif,None
0000/00/00,00:00:00,.000,-35533593,Portal,RemoteDevice,ReaderControl,--->,AF_MANU,34,0,OK,3.0,0
0000/00/00,00:00:00,.000,-35533750,Measurement,Measurement.measure_timelapse,_m_Timelapse,_init_frame_save,CV8000-Minimal-DataSet-2C-3W-4S-FP2-stack_F08_T0001F002L01A01Z02C01.tif,None
0000/00/00,00:00:00,.000,-35533593,Portal,RemoteDevice,ReaderControl,--->,AF_MANU,34,0,OK,6.0,0
0000/00/00,00:00:00,.000,-35533750,Measurement,Measurement.measure_timelapse,_m_Timelapse,_init_frame_save,CV8000-Minimal-DataSet-2C-3W-4S-FP2-stack_F08_T0001F002L01A01Z03C01.tif,None
0000/00/00,00:00:00,.000,-35533593,Portal,RemoteDevice,ReaderControl,--->,AF_MANU,34,0,OK,9.0,0
0000/00/00,00:00:00,.000,-35533750,Measurement,Measurement.measure_timelapse,_m_Timelapse,_init_frame_save,CV8000-Minimal-DataSet-2C-3W-4S-FP2-stack_F08_T0001F002L01A01Z04C01.tif,None
0000/00/00,00:00:00,.000,-35533593,Portal,RemoteDevice,ReaderControl,--->,AF_MANU,34,0,OK,0.0,0
0000/00/00,00:00:00,.000,-35533750,Measurement,Measurement.measure_timelapse,_m_Timelapse,_init_frame_save,CV8000-Minimal-DataSet-2C-3W-4S-FP2-stack_F08_T0001F002L01A02Z01C02.tif,None
0000/00/00,00:00:00,.000,-35533593,Portal,RemoteDevice,ReaderControl,--->,AF_MANU,34,0,OK,3.0,0
0000/00/00,00:00:00,.000,-35533750,Measurement,Measurement.measure_timelapse,_m_Timelapse,_init_frame_save,CV8000-Minimal-DataSet-2C-3W-4S-FP2-stack_F08_T0001F002L01A02Z02C02.tif,None
0000/00/00,00:00:00,.000,-35533593,Portal,RemoteDevice,ReaderControl,--->,AF_MANU,34,0,OK,6.0,0
0000/00/00,00:00:00,.000,-35533750,Measurement,Measurement.measure_timelapse,_m_Timelapse,_init_frame_save,CV8000-Minimal-DataSet-2C-3W-4S-FP2-stack_F08_T0001F002L01A02Z03C02.tif,None
0000/00/00,00:00:00,.000,-35533593,Portal,RemoteDevice,ReaderControl,--->,AF_MANU,34,0,OK,9.0,0
0000/00/00,00:00:00,.000,-35533750,Measurement,Measurement.measure_timelapse,_m_Timelapse,_init_frame_save,CV8000-Minimal-DataSet-2C-3W-4S-FP2-stack_F08_T0001F002L01A02Z04C02.tif,None
0000/00/00,00:00:00,.000,-35533593,Portal,RemoteDevice,ReaderControl,--->,AF_MANU,34,0,OK,0.0,0
0000/00/00,00:00:00,.000,-35533750,Measurement,Measurement.measure_timelapse,_m_Timelapse,_init_frame_save,CV8000-Minimal-DataSet-2C-3W-4S-FP2-stack_F08_T0001F003L01A01Z01C01.tif,None
0000/00/00,00:00:00,.000,-35533593,Portal,RemoteDevice,ReaderControl,--->,AF_MANU,34,0,OK,3.0,0
0000/00/00,00:00:00,.000,-35533750,Measurement,Measurement.measure_timelapse,_m_Timelapse,_init_frame_save,CV8000-Minimal-DataSet-2C-3W-4S-FP2-stack_F08_T0001F003L01A01Z02C01.tif,None
0000/00/00,00:00:00,.000,-35533593,Portal,RemoteDevice,ReaderControl,--->,AF_MANU,34,0,OK,6.0,0
0000/00/00,00:00:00,.000,-35533750,Measurement,Measurement.measure_timelapse,_m_Timelapse,_init_frame_save,CV8000-Minimal-DataSet-2C-3W-4S-FP2-stack_F08_T0001F003L01A01Z03C01.tif,None
0000/00/00,00:00:00,.000,-35533593,Portal,RemoteDevice,ReaderControl,--->,AF_MANU,34,0,OK,9.0,0
0000/00/00,00:00:00,.000,-35533750,Measurement,Measurement.measure_timelapse,_m_Timelapse,_init_frame_save,CV8000-Minimal-DataSet-2C-3W-4S-FP2-stack_F08_T0001F003L01A01Z04C01.tif,None
0000/00/00,00:00:00,.000,-35533593,Portal,RemoteDevice,ReaderControl,--->,AF_MANU,34,0,OK,0.0,0
0000/00/00,00:00:00,.000,-35533750,Measurement,Measurement.measure_timelapse,_m_Timelapse,_init_frame_save,CV8000-Minimal-DataSet-2C-3W-4S-FP2-stack_F08_T0001F003L01A02Z01C02.tif,None
0000/00/00,00:00:00,.000,-35533593,Portal,RemoteDevice,ReaderControl,--->,AF_MANU,34,0,OK,3.0,0
0000/00/00,00:00:00,.000,-35533750,Measurement,Measurement.measure_timelapse,_m_Timelapse,_init_frame_save,CV8000-Minimal-DataSet-2C-3W-4S-FP2-stack_F08_T0001F003L01A02Z02C02.tif,None
0000/00/00,00:00:00,.000,-35533593,Portal,RemoteDevice,ReaderControl,--->,AF_MANU,34,0,OK,6.0,0
0000/00/00,00:00:00,.000,-35533750,Measurement,Measurement.measure_timelapse,_m_Timelapse,_init_frame_save,CV8000-Minimal-DataSet-2C-3W-4S-FP2-stack_F08_T0001F003L01A02Z03C02.tif,None
0000/00/00,00:00:00,.000,-35533593,Portal,RemoteDevice,ReaderControl,--->,AF_MANU,34,0,OK,9.0,0
0000/00/00,00:00:00,.000,-35533750,Measurement,Measurement.measure_timelapse,_m_Timelapse,_init_frame_save,CV8000-Minimal-DataSet-2C-3W-4S-FP2-stack_F08_T0001F003L01A02Z04C02.tif,None
0000/00/00,00:00:00,.000,-35533593,Portal,RemoteDevice,ReaderControl,--->,AF_MANU,34,0,OK,1.0,0
0000/00/00,00:00:00,.000,-35533750,Measurement,Measurement.measure_timelapse,_m_Timelapse,_init_frame_save,CV8000-Minimal-DataSet-2C-3W-4S-FP2-stack_F08_T0001F004L01A01Z01C01.tif,None
0000/00/00,00:00:00,.000,-35533593,Portal,RemoteDevice,ReaderControl,--->,AF_MANU,34,0,OK,4.0,0
0000/00/00,00:00:00,.000,-35533750,Measurement,Measurement.measure_timelapse,_m_Timelapse,_init_frame_save,CV8000-Minimal-DataSet-2C-3W-4S-FP2-stack_F08_T0001F004L01A01Z02C01.tif,None
0000/00/00,00:00:00,.000,-35533593,Portal,RemoteDevice,ReaderControl,--->,AF_MANU,34,0,OK,7.0,0
0000/00/00,00:00:00,.000,-35533750,Measurement,Measurement.measure_timelapse,_m_Timelapse,_init_frame_save,CV8000-Minimal-DataSet-2C-3W-4S-FP2-stack_F08_T0001F004L01A01Z03C01.tif,None
0000/00/00,00:00:00,.000,-35533593,Portal,RemoteDevice,ReaderControl,--->,AF_MANU,34,0,OK,10.0,0
0000/00/00,00:00:00,.000,-35533750,Measurement,Measurement.measure_timelapse,_m_Timelapse,_init_frame_save,CV8000-Minimal-DataSet-2C-3W-4S-FP2-stack_F08_T0001F004L01A01Z04C01.tif,None
0000/00/00,00:00:00,.000,-35533593,Portal,RemoteDevice,ReaderControl,--->,AF_MANU,34,0,OK,6.0,0
0000/00/00,00:00:00,.000,-35533750,Measurement,Measurement.measure_timelapse,_m_Timelapse,_init_frame_save,CV8000-Minimal-DataSet-2C-3W-4S-FP2-stack_F08_T0001F004L01A02Z01C02.tif,None
0000/00/00,00:00:00,.000,-35533593,Portal,RemoteDevice,ReaderControl,--->,AF_MANU,34,0,OK,9.0,0
0000/00/00,00:00:00,.000,-35533750,Measurement,Measurement.measure_timelapse,_m_Timelapse,_init_frame_save,CV8000-Minimal-DataSet-2C-3W-4S-FP2-stack_F08_T0001F004L01A02Z02C02.tif,None
0000/00/00,00:00:00,.000,-35533593,Portal,RemoteDevice,ReaderControl,--->,AF_MANU,34,0,OK,12.0,0
0000/00/00,00:00:00,.000,-35533750,Measurement,Measurement.measure_timelapse,_m_Timelapse,_init_frame_save,CV8000-Minimal-DataSet-2C-3W-4S-FP2-stack_F08_T0001F004L01A02Z03C02.tif,None
0000/00/00,00:00:00,.000,-35533593,Portal,RemoteDevice,ReaderControl,--->,AF_MANU,34,0,OK,15.0,0
0000/00/00,00:00:00,.000,-35533750,Measurement,Measurement.measure_timelapse,_m_Timelapse,_init_frame_save,CV8000-Minimal-DataSet-2C-3W-4S-FP2-stack_F08_T0001F004L01A02Z04C02.tif,None
